0	1	mikroCARM.exe -MSF -DBG -pSTM32L152RB -RA -BIN -LHF -Y -DL -SSA -O11111114 -fo32 -N"C:\Users\Shawon\Desktop\STM32L Discovery Internal Temperature Sensor\glits.mcpar" -SP"C:\Users\Public\Documents\Mikroelektronika\mikroC PRO for ARM\Defs\" -SP"C:\Users\Public\Documents\Mikroelektronika\mikroC PRO for ARM\Uses\" -SP"C:\Users\Shawon\Desktop\STM32L Discovery Internal Temperature Sensor\" -SP"C:\Users\Public\Documents\Mikroelektronika\mikroC PRO for ARM\Uses\ST M3\" -IP"C:\Users\Shawon\Desktop\STM32L Discovery Internal Temperature Sensor\" "glits.c" "__Lib_Math.emcl" "__Lib_MathDouble.emcl" "__Lib_Delays.emcl" "__Lib_System_15X.emcl" "__Lib_GPIO_32l1xx_Defs.emcl" "__Lib_GPIO_32l1xx.emcl"	 
diagnostics: 0	122	Compilation Started	STM32L152RB.c
diagnostics: 21662	123	Compiled Successfully	STM32L152RB.c
diagnostics: 0	122	Compilation Started	__Lib_Delays.c
diagnostics: 118	123	Compiled Successfully	__Lib_Delays.c
hint: 66	1164	Variable 'cycles_div_by_10' has been eliminated by optimizer	__Lib_Delays.c
hint: 87	1164	Variable 'NumberOfCyc' has been eliminated by optimizer	__Lib_Delays.c
hint: 104	1164	Variable 'NumberOfCyc' has been eliminated by optimizer	__Lib_Delays.c
diagnostics: 0	122	Compilation Started	__lib_gpio.h
diagnostics: 602	123	Compiled Successfully	__Lib_GPIO_32l1xx_Defs.c
hint: 12	1354	 warning: The macro is redefined     #define TIM2_TRGO_event 0x2     from C:/Users/Shawon/Desktop/STM32L Discovery Internal Temperature Sensor/glits.c: 1:    #include "ADC.h"     previously macro "TIM2_TRGO_event" defined as: #define TIM2_TRGO_event  0x6 	c:\users\shawon\desktop\stm32l discovery internal temperature sensor\adc.h
hint: 13	1354	 warning: The macro is redefined     #define TIM4_TRGO_event 0x5     from C:/Users/Shawon/Desktop/STM32L Discovery Internal Temperature Sensor/glits.c: 1:    #include "ADC.h"     previously macro "TIM4_TRGO_event" defined as: #define TIM4_TRGO_event  0x9 	c:\users\shawon\desktop\stm32l discovery internal temperature sensor\adc.h
hint: 13	1354	 warning: The macro is redefined     #define set_ADC_external_trigger_regular_conversion_source(mode) do{if((mode >= 0x0) && (mode < 0xA) || (mode == 0xF)){ADC_CR2 &= (~(0xF << 16)); ADC_CR2 |= (mode << 16);}}while(0)     from C:/Users/Shawon/Desktop/STM32L Discovery Internal Temperature Sensor/glits.c: 1:    #include "ADC.h"     previously macro "set_ADC_external_trigger_regular_conversion_source" defined as: #define set_ADC_external_trigger_regular_conversion_source(mode)  do{if((mode >= 0x0) && (mode < 0xA) || (mode == 0xF)){ADC_CR2 &= (~(0xF << 24)); ADC_CR2 |= (mode << 24);}}while(0) 	c:\users\shawon\desktop\stm32l discovery internal temperature sensor\adc.h
hint: 9	1354	 warning: The macro is redefined     #define enable 0x1     from c:/users/shawon/desktop/stm32l discovery internal temperature sensor/glass_lcd.c: 1:    #include "Glass_LCD.h"     from C:/Users/Shawon/Desktop/STM32L Discovery Internal Temperature Sensor/glits.c: 2:    #include "Glass_LCD.c"     previously macro "enable" defined as: #define enable  0x01 	c:\users\shawon\desktop\stm32l discovery internal temperature sensor\glass_lcd.h
hint: 10	1354	 warning: The macro is redefined     #define disable 0x0     from c:/users/shawon/desktop/stm32l discovery internal temperature sensor/glass_lcd.c: 1:    #include "Glass_LCD.h"     from C:/Users/Shawon/Desktop/STM32L Discovery Internal Temperature Sensor/glits.c: 2:    #include "Glass_LCD.c"     previously macro "disable" defined as: #define disable  0x00 	c:\users\shawon\desktop\stm32l discovery internal temperature sensor\glass_lcd.h
hint: 12	1354	 warning: The macro is redefined     #define true 0x1     from c:/users/shawon/desktop/stm32l discovery internal temperature sensor/glass_lcd.c: 1:    #include "Glass_LCD.h"     from C:/Users/Shawon/Desktop/STM32L Discovery Internal Temperature Sensor/glits.c: 2:    #include "Glass_LCD.c"     previously macro "true" defined as: #define true  0x01 	c:\users\shawon\desktop\stm32l discovery internal temperature sensor\glass_lcd.h
hint: 13	1354	 warning: The macro is redefined     #define false 0x0     from c:/users/shawon/desktop/stm32l discovery internal temperature sensor/glass_lcd.c: 1:    #include "Glass_LCD.h"     from C:/Users/Shawon/Desktop/STM32L Discovery Internal Temperature Sensor/glits.c: 2:    #include "Glass_LCD.c"     previously macro "false" defined as: #define false  0x00 	c:\users\shawon\desktop\stm32l discovery internal temperature sensor\glass_lcd.h
hint: 15	1354	 warning: The macro is redefined     #define high 0x1     from c:/users/shawon/desktop/stm32l discovery internal temperature sensor/glass_lcd.c: 1:    #include "Glass_LCD.h"     from C:/Users/Shawon/Desktop/STM32L Discovery Internal Temperature Sensor/glits.c: 2:    #include "Glass_LCD.c"     previously macro "high" defined as: #define high  0x01 	c:\users\shawon\desktop\stm32l discovery internal temperature sensor\glass_lcd.h
hint: 16	1354	 warning: The macro is redefined     #define low 0x0     from c:/users/shawon/desktop/stm32l discovery internal temperature sensor/glass_lcd.c: 1:    #include "Glass_LCD.h"     from C:/Users/Shawon/Desktop/STM32L Discovery Internal Temperature Sensor/glits.c: 2:    #include "Glass_LCD.c"     previously macro "low" defined as: #define low  0x00 	c:\users\shawon\desktop\stm32l discovery internal temperature sensor\glass_lcd.h
diagnostics: 0	122	Compilation Started	glass_lcd.h
hint: 0	1004	interrupt handler (ADC_ISR at 0x0022)	glits.c
diagnostics: 243	123	Compiled Successfully	glits.c
hint: 54	1164	Variable 't' has been eliminated by optimizer	glits.c
diagnostics: 0	127	All files Compiled in 1422 ms	 
hint: 0	1144	Used RX: 16 (100%)   Free RX: 0 (0%)	Used RX: 16 (100%)   Free RX: 0 (0%)
hint: 0	1144	Static RAM (bytes): 17   Dynamic RAM (bytes): 16361	Static RAM (bytes): 17   Dynamic RAM (bytes): 16361
hint: 0	1144	Used ROM (bytes): 10017 (8%)  Free ROM (bytes): 121055 (92%)	Used ROM (bytes): 10017 (8%)  Free ROM (bytes): 121055 (92%)
diagnostics: 0	125	Project Linked Successfully	glits.mcpar
diagnostics: 0	128	Linked in 625 ms	 
diagnostics: 0	129	Project 'glits.mcpar' completed: 5094 ms	 
diagnostics: 0	103	Finished successfully: 11 Apr 2016, 14:37:42	glits.mcpar
