0	1	mikroCARM.exe -MSF -DBG -pSTM32F103RC -RA -APB -LHF -Y -DL -SSA -O11111114 -fo72 -N"C:\Users\sshah\Desktop\Projects\ILI9325 TFT Display with Touch Sensor Demo\tftdisp.mcpar" -SP"C:\Users\Public\Documents\Mikroelektronika\mikroC PRO for ARM\Defs\" -SP"C:\Users\Public\Documents\Mikroelektronika\mikroC PRO for ARM\Uses\" -SP"C:\Users\sshah\Desktop\Projects\ILI9325 TFT Display with Touch Sensor Demo\" -SP"C:\Users\Public\Documents\Mikroelektronika\mikroC PRO for ARM\Uses\ST M3\" -IP"C:\Users\sshah\Desktop\Projects\ILI9325 TFT Display with Touch Sensor Demo\" "tftdisp.c" "__Lib_Math.emcl" "__Lib_MathDouble.emcl" "__Lib_Delays.emcl" "__Lib_System_101_102_103.emcl" "__Lib_GPIO_32F10x_Defs.emcl" "__Lib_GPIO_32F10x.emcl"	 
diagnostics: 0	122	Compilation Started	STM32F103RC.c
diagnostics: 30441	123	Compiled Successfully	STM32F103RC.c
diagnostics: 0	122	Compilation Started	__Lib_Delays.c
diagnostics: 118	123	Compiled Successfully	__Lib_Delays.c
hint: 66	1164	Variable 'cycles_div_by_10' has been eliminated by optimizer	__Lib_Delays.c
hint: 87	1164	Variable 'NumberOfCyc' has been eliminated by optimizer	__Lib_Delays.c
hint: 104	1164	Variable 'NumberOfCyc' has been eliminated by optimizer	__Lib_Delays.c
diagnostics: 0	122	Compilation Started	__lib_gpio.h
diagnostics: 814	123	Compiled Successfully	__Lib_GPIO_32F10x_Defs.c
diagnostics: 0	122	Compilation Started	bmp.c
warning: 197	1505	Suspicious pointer conversion	tftdisp.c
diagnostics: 200	123	Compiled Successfully	tftdisp.c
hint: 243	1164	Variable 'r' has been eliminated by optimizer	tftdisp.c
hint: 244	1164	Variable 'g' has been eliminated by optimizer	tftdisp.c
hint: 245	1164	Variable 'b' has been eliminated by optimizer	tftdisp.c
hint: 246	1164	Variable 'rgb_colour' has been eliminated by optimizer	tftdisp.c
hint: 316	1164	Variable 'value' has been eliminated by optimizer	tftdisp.c
hint: 411	1164	Variable 'pos' has been eliminated by optimizer	tftdisp.c
hint: 412	1164	Variable 'temp' has been eliminated by optimizer	tftdisp.c
hint: 429	1164	Variable 'pos' has been eliminated by optimizer	tftdisp.c
hint: 430	1164	Variable 'temp' has been eliminated by optimizer	tftdisp.c
hint: 74	1164	Variable 'temp' has been eliminated by optimizer	tftdisp.c
hint: 116	1164	Variable 'res' has been eliminated by optimizer	tftdisp.c
diagnostics: 0	127	All files Compiled in 625 ms	 
hint: 0	1144	Used RX: 16 (100%)   Free RX: 0 (0%)	Used RX: 16 (100%)   Free RX: 0 (0%)
hint: 0	1144	Static RAM (bytes): 10   Dynamic RAM (bytes): 49137	Static RAM (bytes): 10   Dynamic RAM (bytes): 49137
hint: 0	1144	Used ROM (bytes): 128454 (49%)  Free ROM (bytes): 133690 (51%)	Used ROM (bytes): 128454 (49%)  Free ROM (bytes): 133690 (51%)
diagnostics: 0	125	Project Linked Successfully	tftdisp.mcpar
diagnostics: 0	128	Linked in 343 ms	 
diagnostics: 0	129	Project 'tftdisp.mcpar' completed: 1812 ms	 
diagnostics: 0	103	Finished successfully: 28 Jun 2016, 23:04:37	tftdisp.mcpar
