0	1	mikroCARM.exe -MSF -DBG -pSTM32F051R8 -RA -BIN -LHF -DL -SSA -O11111114 -fo48 -N"C:\Users\Shawon & Nipa\Desktop\SSD1306 0.96 Inch OLED Display Demo\OLED_Demo.mcpar" -SP"C:\Users\Public\Documents\Mikroelektronika\mikroC PRO for ARM\Defs\" -SP"C:\Users\Public\Documents\Mikroelektronika\mikroC PRO for ARM\Uses\" -SP"C:\Users\Shawon & Nipa\Desktop\SSD1306 0.96 Inch OLED Display Demo\" -SP"C:\Users\Public\Documents\Mikroelektronika\mikroC PRO for ARM\Uses\ST M0\" -IP"C:\Users\Shawon & Nipa\Desktop\SSD1306 0.96 Inch OLED Display Demo\" "OLED_Demo.c" "__Lib_Math.emcl" "__Lib_MathDouble.emcl" "__Lib_Delays.emcl" "__Lib_System.emcl" "__Lib_GPIO_32F051xx_Defs.emcl" "__Lib_GPIO_32F051xx.emcl" "__Lib_CMath.emcl"	 
diagnostics: 0	122	Compilation Started	STM32F051R8.c
diagnostics: 17488	123	Compiled Successfully	STM32F051R8.c
diagnostics: 0	122	Compilation Started	__Lib_Delays.c
diagnostics: 165	123	Compiled Successfully	__Lib_Delays.c
hint: 66	1164	Variable 'cycles_div_by_10' has been eliminated by optimizer	__Lib_Delays.c
hint: 99	1164	Variable 'cycles_div_by_16' has been eliminated by optimizer	__Lib_Delays.c
hint: 150	1164	Variable 'NumberOfCyc' has been eliminated by optimizer	__Lib_Delays.c
hint: 159	1164	Variable 'NumberOfCyc' has been eliminated by optimizer	__Lib_Delays.c
diagnostics: 0	122	Compilation Started	__lib_gpio.h
diagnostics: 427	123	Compiled Successfully	__Lib_GPIO_32F051xx_Defs.c
diagnostics: 0	122	Compilation Started	ssd1306.h
diagnostics: 155	123	Compiled Successfully	OLED_Demo.c
hint: 240	1164	Variable 'ch' has been eliminated by optimizer	OLED_Demo.c
hint: 281	1164	Variable 'ch' has been eliminated by optimizer	OLED_Demo.c
hint: 365	1164	Variable 'ch' has been eliminated by optimizer	OLED_Demo.c
hint: 13	1164	Variable 'o' has been eliminated by optimizer	OLED_Demo.c
diagnostics: 0	127	All files Compiled in 1953 ms	 
hint: 0	1144	Used RX: 11 (69%)   Free RX: 5 (31%)	Used RX: 11 (69%)   Free RX: 5 (31%)
hint: 0	1144	Static RAM (bytes): 1057   Dynamic RAM (bytes): 7129	Static RAM (bytes): 1057   Dynamic RAM (bytes): 7129
hint: 0	1144	Used ROM (bytes): 9361 (14%)  Free ROM (bytes): 56175 (86%)	Used ROM (bytes): 9361 (14%)  Free ROM (bytes): 56175 (86%)
diagnostics: 0	125	Project Linked Successfully	OLED_Demo.mcpar
diagnostics: 0	128	Linked in 391 ms	 
diagnostics: 0	129	Project 'OLED_Demo.mcpar' completed: 8079 ms	 
diagnostics: 0	103	Finished successfully: 26 Sep 2015, 20:31:00	OLED_Demo.mcpar
